ghck/app/build/intermediates/manifest_merge_blame_file/release/processReleaseMainManifest/manifest-merger-blame-release-report.txt
1<?xml version="1.0" encoding="utf-8"?>
2<manifest xmlns:android="http://schemas.android.com/apk/res/android"
3    package="com.github.king"
4    android:versionCode="1"
5    android:versionName="2.2" >
6
7    <uses-sdk
8        android:minSdkVersion="24"
9        android:targetSdkVersion="34" />
10
11    <uses-permission android:name="android.permission.INTERNET" />
11-->src/main/AndroidManifest.xml:5:5-67
11-->src/main/AndroidManifest.xml:5:22-64
12    <uses-permission android:name="android.permission.ACCESS_NETWORK_STATE" />
12-->src/main/AndroidManifest.xml:6:5-79
12-->src/main/AndroidManifest.xml:6:22-76
13    <uses-permission android:name="android.permission.FOREGROUND_SERVICE" />
13-->src/main/AndroidManifest.xml:7:5-77
13-->src/main/AndroidManifest.xml:7:22-74
14    <uses-permission android:name="android.permission.FOREGROUND_SERVICE_MEDIA_PLAYBACK" />
14-->src/main/AndroidManifest.xml:8:5-92
14-->src/main/AndroidManifest.xml:8:22-89
15    <uses-permission android:name="android.permission.WAKE_LOCK" />
15-->src/main/AndroidManifest.xml:9:5-68
15-->src/main/AndroidManifest.xml:9:22-65
16    <uses-permission android:name="android.permission.POST_NOTIFICATIONS" />
16-->src/main/AndroidManifest.xml:10:5-77
16-->src/main/AndroidManifest.xml:10:22-74
17
18    <queries>
18-->src/main/AndroidManifest.xml:12:5-27:15
19        <intent>
19-->src/main/AndroidManifest.xml:14:9-18:18
20            <action android:name="android.intent.action.VIEW" />
20-->src/main/AndroidManifest.xml:15:13-65
20-->src/main/AndroidManifest.xml:15:21-62
21
22            <category android:name="android.intent.category.BROWSABLE" />
22-->src/main/AndroidManifest.xml:16:13-74
22-->src/main/AndroidManifest.xml:16:23-71
23
24            <data android:scheme="https" />
24-->src/main/AndroidManifest.xml:17:13-44
24-->src/main/AndroidManifest.xml:17:19-41
25        </intent>
26        <intent>
26-->src/main/AndroidManifest.xml:19:9-23:18
27            <action android:name="android.intent.action.VIEW" />
27-->src/main/AndroidManifest.xml:15:13-65
27-->src/main/AndroidManifest.xml:15:21-62
28
29            <category android:name="android.intent.category.BROWSABLE" />
29-->src/main/AndroidManifest.xml:16:13-74
29-->src/main/AndroidManifest.xml:16:23-71
30
31            <data android:scheme="http" />
31-->src/main/AndroidManifest.xml:17:13-44
31-->src/main/AndroidManifest.xml:17:19-41
32        </intent>
33        <intent>
33-->src/main/AndroidManifest.xml:24:9-26:18
34            <action android:name="android.support.customtabs.action.CustomTabsService" />
34-->src/main/AndroidManifest.xml:25:13-90
34-->src/main/AndroidManifest.xml:25:21-87
35        </intent>
36    </queries>
37
38    <permission
38-->[androidx.core:core:1.12.0] AndroidManifest.xml:22:5-24:47
39        android:name="com.github.king.DYNAMIC_RECEIVER_NOT_EXPORTED_PERMISSION"
39-->[androidx.core:core:1.12.0] AndroidManifest.xml:23:9-81
40        android:protectionLevel="signature" />
40-->[androidx.core:core:1.12.0] AndroidManifest.xml:24:9-44
41
42    <uses-permission android:name="com.github.king.DYNAMIC_RECEIVER_NOT_EXPORTED_PERMISSION" />
42-->[androidx.core:core:1.12.0] AndroidManifest.xml:26:5-97
42-->[androidx.core:core:1.12.0] AndroidManifest.xml:26:22-94
43
44    <application
44-->src/main/AndroidManifest.xml:29:5-63:19
45        android:allowBackup="false"
45-->src/main/AndroidManifest.xml:33:9-36
46        android:appComponentFactory="androidx.core.app.CoreComponentFactory"
46-->[androidx.core:core:1.12.0] AndroidManifest.xml:28:18-86
47        android:extractNativeLibs="false"
48        android:hardwareAccelerated="true"
48-->src/main/AndroidManifest.xml:34:9-43
49        android:icon="@mipmap/ic_launcher"
49-->src/main/AndroidManifest.xml:30:9-43
50        android:label="@string/app_name"
50-->src/main/AndroidManifest.xml:32:9-41
51        android:roundIcon="@mipmap/ic_launcher"
51-->src/main/AndroidManifest.xml:31:9-48
52        android:supportsRtl="true"
52-->src/main/AndroidManifest.xml:35:9-35
53        android:theme="@style/Theme.Material3.DayNight.NoActionBar"
53-->src/main/AndroidManifest.xml:37:9-68
54        android:usesCleartextTraffic="true" >
54-->src/main/AndroidManifest.xml:36:9-44
55        <activity
55-->src/main/AndroidManifest.xml:40:9-56:20
56            android:name="com.github.king.MainActivity"
56-->src/main/AndroidManifest.xml:41:13-41
57            android:configChanges="orientation|keyboardHidden|screenSize"
57-->src/main/AndroidManifest.xml:44:13-74
58            android:exported="true"
58-->src/main/AndroidManifest.xml:42:13-36
59            android:launchMode="singleTask" >
59-->src/main/AndroidManifest.xml:43:13-44
60            <intent-filter>
60-->src/main/AndroidManifest.xml:45:13-48:29
61                <action android:name="android.intent.action.MAIN" />
61-->src/main/AndroidManifest.xml:46:17-69
61-->src/main/AndroidManifest.xml:46:25-66
62
63                <category android:name="android.intent.category.LAUNCHER" />
63-->src/main/AndroidManifest.xml:47:17-77
63-->src/main/AndroidManifest.xml:47:27-74
64            </intent-filter>
65            <intent-filter>
65-->src/main/AndroidManifest.xml:50:13-55:29
66                <action android:name="android.intent.action.VIEW" />
66-->src/main/AndroidManifest.xml:15:13-65
66-->src/main/AndroidManifest.xml:15:21-62
67
68                <category android:name="android.intent.category.DEFAULT" />
68-->src/main/AndroidManifest.xml:52:17-76
68-->src/main/AndroidManifest.xml:52:27-73
69                <category android:name="android.intent.category.BROWSABLE" />
69-->src/main/AndroidManifest.xml:16:13-74
69-->src/main/AndroidManifest.xml:16:23-71
70
71                <data
71-->src/main/AndroidManifest.xml:17:13-44
72                    android:host="login"
72-->src/main/AndroidManifest.xml:54:43-63
73                    android:scheme="gk" />
73-->src/main/AndroidManifest.xml:17:19-41
74            </intent-filter>
75        </activity>
76
77        <service
77-->src/main/AndroidManifest.xml:58:9-61:61
78            android:name="com.github.king.MediaService"
78-->src/main/AndroidManifest.xml:59:13-41
79            android:exported="false"
79-->src/main/AndroidManifest.xml:60:13-37
80            android:foregroundServiceType="mediaPlayback" />
80-->src/main/AndroidManifest.xml:61:13-58
81
82        <provider
82-->[androidx.emoji2:emoji2:1.2.0] AndroidManifest.xml:24:9-32:20
83            android:name="androidx.startup.InitializationProvider"
83-->[androidx.emoji2:emoji2:1.2.0] AndroidManifest.xml:25:13-67
84            android:authorities="com.github.king.androidx-startup"
84-->[androidx.emoji2:emoji2:1.2.0] AndroidManifest.xml:26:13-68
85            android:exported="false" >
85-->[androidx.emoji2:emoji2:1.2.0] AndroidManifest.xml:27:13-37
86            <meta-data
86-->[androidx.emoji2:emoji2:1.2.0] AndroidManifest.xml:29:13-31:52
87                android:name="androidx.emoji2.text.EmojiCompatInitializer"
87-->[androidx.emoji2:emoji2:1.2.0] AndroidManifest.xml:30:17-75
88                android:value="androidx.startup" />
88-->[androidx.emoji2:emoji2:1.2.0] AndroidManifest.xml:31:17-49
89            <meta-data
89-->[androidx.lifecycle:lifecycle-process:2.6.1] AndroidManifest.xml:29:13-31:52
90                android:name="androidx.lifecycle.ProcessLifecycleInitializer"
90-->[androidx.lifecycle:lifecycle-process:2.6.1] AndroidManifest.xml:30:17-78
91                android:value="androidx.startup" />
91-->[androidx.lifecycle:lifecycle-process:2.6.1] AndroidManifest.xml:31:17-49
92            <meta-data
92-->[androidx.profileinstaller:profileinstaller:1.3.0] AndroidManifest.xml:29:13-31:52
93                android:name="androidx.profileinstaller.ProfileInstallerInitializer"
93-->[androidx.profileinstaller:profileinstaller:1.3.0] AndroidManifest.xml:30:17-85
94                android:value="androidx.startup" />
94-->[androidx.profileinstaller:profileinstaller:1.3.0] AndroidManifest.xml:31:17-49
95        </provider>
96
97        <receiver
97-->[androidx.profileinstaller:profileinstaller:1.3.0] AndroidManifest.xml:34:9-52:20
98            android:name="androidx.profileinstaller.ProfileInstallReceiver"
98-->[androidx.profileinstaller:profileinstaller:1.3.0] AndroidManifest.xml:35:13-76
99            android:directBootAware="false"
99-->[androidx.profileinstaller:profileinstaller:1.3.0] AndroidManifest.xml:36:13-44
100            android:enabled="true"
100-->[androidx.profileinstaller:profileinstaller:1.3.0] AndroidManifest.xml:37:13-35
101            android:exported="true"
101-->[androidx.profileinstaller:profileinstaller:1.3.0] AndroidManifest.xml:38:13-36
102            android:permission="android.permission.DUMP" >
102-->[androidx.profileinstaller:profileinstaller:1.3.0] AndroidManifest.xml:39:13-57
103            <intent-filter>
103-->[androidx.profileinstaller:profileinstaller:1.3.0] AndroidManifest.xml:40:13-42:29
104                <action android:name="androidx.profileinstaller.action.INSTALL_PROFILE" />
104-->[androidx.profileinstaller:profileinstaller:1.3.0] AndroidManifest.xml:41:17-91
104-->[androidx.profileinstaller:profileinstaller:1.3.0] AndroidManifest.xml:41:25-88
105            </intent-filter>
106            <intent-filter>
106-->[androidx.profileinstaller:profileinstaller:1.3.0] AndroidManifest.xml:43:13-45:29
107                <action android:name="androidx.profileinstaller.action.SKIP_FILE" />
107-->[androidx.profileinstaller:profileinstaller:1.3.0] AndroidManifest.xml:44:17-85
107-->[androidx.profileinstaller:profileinstaller:1.3.0] AndroidManifest.xml:44:25-82
108            </intent-filter>
109            <intent-filter>
109-->[androidx.profileinstaller:profileinstaller:1.3.0] AndroidManifest.xml:46:13-48:29
110                <action android:name="androidx.profileinstaller.action.SAVE_PROFILE" />
110-->[androidx.profileinstaller:profileinstaller:1.3.0] AndroidManifest.xml:47:17-88
110-->[androidx.profileinstaller:profileinstaller:1.3.0] AndroidManifest.xml:47:25-85
111            </intent-filter>
112            <intent-filter>
112-->[androidx.profileinstaller:profileinstaller:1.3.0] AndroidManifest.xml:49:13-51:29
113                <action android:name="androidx.profileinstaller.action.BENCHMARK_OPERATION" />
113-->[androidx.profileinstaller:profileinstaller:1.3.0] AndroidManifest.xml:50:17-95
113-->[androidx.profileinstaller:profileinstaller:1.3.0] AndroidManifest.xml:50:25-92
114            </intent-filter>
115        </receiver>
116    </application>
117
118</manifest>